<?xml version="1.0" encoding="UTF-8"?>
<!-- Generated by org.testng.reporters.JUnitReportReporter -->
<testsuite hostname="DESKTOP-UE56HK5" failures="0" tests="2" name="com.testClasses.com.LoginTest" time="38.750" errors="0" timestamp="2025-02-18T19:08:21 IST" skipped="0">
  <testcase classname="com.testClasses.com.LoginTest" name="testLogin" time="11.788"/>
  <testcase classname="com.testClasses.com.LoginTest" name="testLogin" time="26.962"/>
</testsuite> <!-- com.testClasses.com.LoginTest -->
